<?xml version="1.0" encoding="UTF-8"?>
<!-- Generated by org.testng.reporters.JUnitReportReporter -->
<testsuite skipped="0" hostname="MONO-HYD-LAP-41" name="com.amc.Testclasess.execute.MPEpisodeVerstionTest" tests="1" failures="0" timestamp="28 May 2020 10:06:03 GMT" time="342.513" errors="0">
  <testcase name="MPEpisodeVersionTest" time="342.513" classname="com.amc.Testclasess.execute.MPEpisodeVerstionTest"/>
</testsuite> <!-- com.amc.Testclasess.execute.MPEpisodeVerstionTest -->
