<?xml version="1.0" encoding="UTF-8"?>
<!-- Generated by org.testng.reporters.JUnitReportReporter -->
<testsuite skipped="0" hostname="MONO-HYD-LAP-41" name="com.amc.Testclasess.execute.DryRun" tests="1" failures="0" timestamp="26 May 2020 13:56:00 GMT" time="5.009" errors="0">
  <testcase name="dryRun" time="5.009" classname="com.amc.Testclasess.execute.DryRun"/>
</testsuite> <!-- com.amc.Testclasess.execute.DryRun -->
