<?xml version="1.0" encoding="UTF-8"?>
<!-- Generated by org.testng.reporters.JUnitReportReporter -->
<testsuite skipped="0" hostname="MONO-HYD-LAP-41" name="com.amc.Testclasess.execute.TempoEditWorkComparisionTest" tests="1" failures="0" timestamp="28 May 2020 10:06:03 GMT" time="2.004" errors="0">
  <testcase name="WOPtoMPTempoEditWorkOrderTest" time="2.004" classname="com.amc.Testclasess.execute.TempoEditWorkComparisionTest"/>
</testsuite> <!-- com.amc.Testclasess.execute.TempoEditWorkComparisionTest -->
