<?xml version="1.0" encoding="UTF-8"?>
<!-- Generated by org.testng.reporters.JUnitReportReporter -->
<testsuite skipped="0" hostname="MONO-HYD-LAP-41" name="com.amc.testcases.DynamicTestNG" tests="1" failures="0" timestamp="28 May 2020 09:29:33 GMT" time="122.509" errors="0">
  <testcase name="ExecuteScripts" time="122.509" classname="com.amc.testcases.DynamicTestNG"/>
</testsuite> <!-- com.amc.testcases.DynamicTestNG -->
